f:\dm2242_ai _ryan_160347t\ai\debug\vc140.pdb
f:\dm2242_ai _ryan_160347t\ai\debug\vc140.idb
f:\dm2242_ai _ryan_160347t\ai\debug\maze.obj
f:\dm2242_ai _ryan_160347t\ai\debug\mesh.obj
f:\dm2242_ai _ryan_160347t\ai\debug\meshbuilder.obj
f:\dm2242_ai _ryan_160347t\ai\debug\postoffice.obj
f:\dm2242_ai _ryan_160347t\ai\debug\scenebase.obj
f:\dm2242_ai _ryan_160347t\ai\debug\scenedata.obj
f:\dm2242_ai _ryan_160347t\ai\debug\scenemaze.obj
f:\dm2242_ai _ryan_160347t\ai\debug\scenemovement.obj
f:\dm2242_ai _ryan_160347t\ai\debug\scenequeen.obj
f:\dm2242_ai _ryan_160347t\ai\debug\scenereversi.obj
f:\dm2242_ai _ryan_160347t\ai\debug\scenetictactoe.obj
f:\dm2242_ai _ryan_160347t\ai\debug\shader.obj
f:\dm2242_ai _ryan_160347t\ai\debug\state.obj
f:\dm2242_ai _ryan_160347t\ai\debug\statecop.obj
f:\dm2242_ai _ryan_160347t\ai\debug\statemachine.obj
f:\dm2242_ai _ryan_160347t\ai\debug\statedefault.obj
f:\dm2242_ai _ryan_160347t\ai\debug\statefish.obj
f:\dm2242_ai _ryan_160347t\ai\debug\stateprisoners.obj
f:\dm2242_ai _ryan_160347t\ai\debug\stateshark.obj
f:\dm2242_ai _ryan_160347t\ai\debug\utility.obj
f:\dm2242_ai _ryan_160347t\ai\debug\application.obj
f:\dm2242_ai _ryan_160347t\ai\debug\camera.obj
f:\dm2242_ai _ryan_160347t\ai\debug\gameobject.obj
f:\dm2242_ai _ryan_160347t\ai\debug\loadobj.obj
f:\dm2242_ai _ryan_160347t\ai\debug\loadtga.obj
f:\dm2242_ai _ryan_160347t\ai\debug\main.obj
f:\dm2242_ai _ryan_160347t\debug\ai.ilk
f:\dm2242_ai _ryan_160347t\debug\ai.exe
f:\dm2242_ai _ryan_160347t\debug\ai.pdb
f:\dm2242_ai _ryan_160347t\ai\debug\ai.tlog\cl.read.1.tlog
f:\dm2242_ai _ryan_160347t\ai\debug\ai.tlog\cl.write.1.tlog
f:\dm2242_ai _ryan_160347t\ai\debug\ai.tlog\cl.command.1.tlog
f:\dm2242_ai _ryan_160347t\ai\debug\ai.tlog\link.command.1.tlog
f:\dm2242_ai _ryan_160347t\ai\debug\ai.tlog\link.read.1.tlog
f:\dm2242_ai _ryan_160347t\ai\debug\ai.tlog\link.write.1.tlog
